<?xml version="1.0" encoding="UTF-8"?>
<!-- Generated by org.testng.reporters.JUnitReportReporter -->
<testsuite skipped="0" hostname="DESKTOP-2GDR6HM" name="com.testng.TestNGConcept" tests="1" failures="0" timestamp="2022-09-07T13:31:01 IST" time="0.009" errors="0">
  <testcase name="testRun" time="0.009" classname="com.testng.TestNGConcept"/>
  <system-out/>
</testsuite> <!-- com.testng.TestNGConcept -->
